


ARM Macro Assembler    Page 1 


    1 00000000         ; IO.s
    2 00000000         ; Student names: change this to your names or look very 
                       silly
    3 00000000         ; Last modification date: change this to the last modifi
                       cation date or look very silly
    4 00000000         ; Runs on LM4F120/TM4C123
    5 00000000         
    6 00000000         ; EE319K lab 7 device driver for the switch and LED.
    7 00000000         ; You are allowed to use any switch and any LED,
    8 00000000         ; although the Lab suggests the SW1 switch PF4 and Red L
                       ED PF1
    9 00000000         
   10 00000000         ; As part of Lab 7, students need to implement these thr
                       ee functions
   11 00000000         
   12 00000000         ; negative logic SW2 connected to PF0 on the Launchpad
   13 00000000         ; red LED connected to PF1 on the Launchpad
   14 00000000         ; blue LED connected to PF2 on the Launchpad
   15 00000000         ; green LED connected to PF3 on the Launchpad
   16 00000000         ; negative logic SW1 connected to PF4 on the Launchpad
   17 00000000         
   18 00000000                 IMPORT           Delay1ms
   19 00000000                 EXPORT           IO_Init
   20 00000000                 EXPORT           IO_Touch
   21 00000000                 EXPORT           IO_HeartBeat
   22 00000000         
   23 00000000 400253FC 
                       GPIO_PORTF_DATA_R
                               EQU              0x400253FC
   24 00000000 40025400 
                       GPIO_PORTF_DIR_R
                               EQU              0x40025400
   25 00000000 40025420 
                       GPIO_PORTF_AFSEL_R
                               EQU              0x40025420
   26 00000000 40025510 
                       GPIO_PORTF_PUR_R
                               EQU              0x40025510
   27 00000000 4002551C 
                       GPIO_PORTF_DEN_R
                               EQU              0x4002551C
   28 00000000 40025520 
                       GPIO_PORTF_LOCK_R
                               EQU              0x40025520
   29 00000000 40025524 
                       GPIO_PORTF_CR_R
                               EQU              0x40025524
   30 00000000 40025528 
                       GPIO_PORTF_AMSEL_R
                               EQU              0x40025528
   31 00000000 4002552C 
                       GPIO_PORTF_PCTL_R
                               EQU              0x4002552C
   32 00000000 4C4F434B 
                       GPIO_LOCK_KEY
                               EQU              0x4C4F434B  ; Unlocks the GPIO_
                                                            CR register
   33 00000000 40025004 
                       PF0     EQU              0x40025004



ARM Macro Assembler    Page 2 


   34 00000000 40025008 
                       PF1     EQU              0x40025008
   35 00000000 40025010 
                       PF2     EQU              0x40025010
   36 00000000 40025020 
                       PF3     EQU              0x40025020
   37 00000000 40025040 
                       PF4     EQU              0x40025040
   38 00000000 40025038 
                       LEDS    EQU              0x40025038
   39 00000000 00000002 
                       RED     EQU              0x02
   40 00000000 00000004 
                       BLUE    EQU              0x04
   41 00000000 00000008 
                       GREEN   EQU              0x08
   42 00000000 40025044 
                       SWITCHES
                               EQU              0x40025044
   43 00000000 00000010 
                       SW1     EQU              0x10        ; on the left side 
                                                            of the Launchpad bo
                                                            ard
   44 00000000 00000001 
                       SW2     EQU              0x01        ; on the right side
                                                             of the Launchpad b
                                                            oard
   45 00000000 400FE608 
                       SYSCTL_RCGCGPIO_R
                               EQU              0x400FE608
   46 00000000         
   47 00000000                 AREA             |.text|, CODE, READONLY, ALIGN=
2
   48 00000000                 THUMB
   49 00000000                 PRESERVE8
   50 00000000         
   51 00000000         
   52 00000000         ;------------IO_Init------------
   53 00000000         ; Initialize GPIO Port for a switch and an LED
   54 00000000         ; Input: none
   55 00000000         ; Output: none
   56 00000000         ; This is a public function
   57 00000000         ; Invariables: This function must not permanently modify
                        registers R4 to R11
   58 00000000         IO_Init
   59 00000000 B500            PUSH             {LR}
   60 00000002 4920            LDR              R1, =SYSCTL_RCGCGPIO_R
   61 00000004 6808            LDR              R0, [R1]
   62 00000006 F040 0020       ORR              R0, R0, #0x20
   63 0000000A 6008            STR              R0, [R1]
   64 0000000C BF00            NOP
   65 0000000E BF00            NOP
   66 00000010         
   67 00000010 481D            LDR              R0, =GPIO_PORTF_LOCK_R
   68 00000012 491E            LDR              R1, =GPIO_LOCK_KEY ;Unlocks the
                                                             GPIO_CR register
   69 00000014 6001            STR              R1, [R0]
   70 00000016         
   71 00000016 481E            LDR              R0, =GPIO_PORTF_CR_R



ARM Macro Assembler    Page 3 


   72 00000018 6801            LDR              R1, [R0]
   73 0000001A F041 011F       ORR              R1, #0x1F
   74 0000001E 6001            STR              R1, [R0]
   75 00000020         
   76 00000020 491C            LDR              R1, =GPIO_PORTF_DIR_R
   77 00000022 6808            LDR              R0, [R1]
   78 00000024 F040 0002       ORR              R0, R0, #0x02
   79 00000028 F000 00FE       AND              R0, R0, #0xFE
   80 0000002C 6008            STR              R0, [R1]
   81 0000002E         
   82 0000002E 491A            LDR              R1, =GPIO_PORTF_DEN_R
   83 00000030 6808            LDR              R0, [R1]
   84 00000032 F040 0003       ORR              R0, R0, #0x03
   85 00000036 6008            STR              R0, [R1]
   86 00000038         
   87 00000038 4918            LDR              R1, =GPIO_PORTF_AFSEL_R
   88 0000003A 6808            LDR              R0, [R1]
   89 0000003C F000 00FC       AND              R0, R0, #0xFC
   90 00000040 6008            STR              R0, [R1]
   91 00000042         
   92 00000042 4817            LDR              R0, =GPIO_PORTF_PUR_R
   93 00000044 6801            LDR              R1, [R0]
   94 00000046 F041 0101       ORR              R1, #0x01   ;SET PUR FOR SW2 be
                                                            cause negative logi
                                                            c
   95 0000004A 6001            STR              R1, [R0]
   96 0000004C         
   97 0000004C F85D EB04       POP              {LR}
   98 00000050         
   99 00000050 4770            BX               LR
  100 00000052         ;* * * * * * * * End of IO_Init * * * * * * * *
  101 00000052         
  102 00000052         ;------------IO_HeartBeat------------
  103 00000052         ; Toggle the output state of the LED.
  104 00000052         ; Input: none
  105 00000052         ; Output: none
  106 00000052         ; This is a public function
  107 00000052         ; Invariables: This function must not permanently modify
                        registers R4 to R11
  108 00000052         IO_HeartBeat
  109 00000052 4914            LDR              R1, =GPIO_PORTF_DATA_R
  110 00000054 6808            LDR              R0, [R1]
  111 00000056 F080 0002       EOR              R0, R0, #0x02 ;toggles bit for 
                                                            heatbeat to work
  112 0000005A 6008            STR              R0, [R1]
  113 0000005C         
  114 0000005C 4770            BX               LR          ; return
  115 0000005E         ;* * * * * * * * End of IO_HeartBeat * * * * * * * *
  116 0000005E         
  117 0000005E         ;------------IO_Touch------------
  118 0000005E         ; First: wait for the of the release of the switch
  119 0000005E         ; and then: wait for the touch of the switch
  120 0000005E         ; Input: none
  121 0000005E         ; Input: none
  122 0000005E         ; Output: none
  123 0000005E         ; This is a public function
  124 0000005E         ; Invariables: This function must not permanently modify
                        registers R4 to R11
  125 0000005E         IO_Touch



ARM Macro Assembler    Page 4 


  126 0000005E 4911    loop    LDR              R1, =GPIO_PORTF_DATA_R
  127 00000060 6808            LDR              R0, [R1]
  128 00000062 F010 0001       ANDS             R0, R0, #SW2
  129 00000066 D1FA            BNE              loop        ;if switch not pres
                                                            sed, keep checking
  130 00000068 F04F 0001       MOV              R0, #1      ;if pressed, fall t
                                                            hrough and put LR o
                                                            nto stack to save P
                                                            C before Delay1ms
  131 0000006C B500            PUSH             {LR}
  132 0000006E F7FF FFFE       BL               Delay1ms
  133 00000072 F85D EB04       POP              {LR}
  134 00000076 490B    loop1   LDR              R1, =GPIO_PORTF_DATA_R
  135 00000078 6808            LDR              R0, [R1]
  136 0000007A F010 0001       ANDS             R0, R0, #SW2
  137 0000007E D0FA            BEQ              loop1
  138 00000080         
  139 00000080 4770            BX               LR          ; return
  140 00000082         ;* * * * * * * * End of IO_Touch * * * * * * * *
  141 00000082         
  142 00000082 00 00           ALIGN                        ; make sure the end
                                                             of this section is
                                                             aligned
  143 00000084                 END                          ; end of file
              400FE608 
              40025520 
              4C4F434B 
              40025524 
              40025400 
              4002551C 
              40025420 
              40025510 
              400253FC 
Command Line: --debug --xref --cpu=Cortex-M4 --apcs=interwork --depend=.\io.d -
o.\io.o -IC:\Keil\ARM\RV31\INC -IC:\Keil\ARM\CMSIS\Include -IC:\Keil\ARM\Inc\Lu
minary --predefine="__EVAL SETA 1" --predefine="__MICROLIB SETA 1" --list=.\io.
lst IO.s



ARM Macro Assembler    Page 1 Alphabetic symbol ordering
Relocatable symbols

.text 00000000

Symbol: .text
   Definitions
      At line 47 in file IO.s
   Uses
      None
Comment: .text unused
IO_HeartBeat 00000052

Symbol: IO_HeartBeat
   Definitions
      At line 108 in file IO.s
   Uses
      At line 21 in file IO.s
Comment: IO_HeartBeat used once
IO_Init 00000000

Symbol: IO_Init
   Definitions
      At line 58 in file IO.s
   Uses
      At line 19 in file IO.s
Comment: IO_Init used once
IO_Touch 0000005E

Symbol: IO_Touch
   Definitions
      At line 125 in file IO.s
   Uses
      At line 20 in file IO.s
Comment: IO_Touch used once
loop 0000005E

Symbol: loop
   Definitions
      At line 126 in file IO.s
   Uses
      At line 129 in file IO.s
Comment: loop used once
loop1 00000076

Symbol: loop1
   Definitions
      At line 134 in file IO.s
   Uses
      At line 137 in file IO.s
Comment: loop1 used once
6 symbols



ARM Macro Assembler    Page 1 Alphabetic symbol ordering
Absolute symbols

BLUE 00000004

Symbol: BLUE
   Definitions
      At line 40 in file IO.s
   Uses
      None
Comment: BLUE unused
GPIO_LOCK_KEY 4C4F434B

Symbol: GPIO_LOCK_KEY
   Definitions
      At line 32 in file IO.s
   Uses
      At line 68 in file IO.s
Comment: GPIO_LOCK_KEY used once
GPIO_PORTF_AFSEL_R 40025420

Symbol: GPIO_PORTF_AFSEL_R
   Definitions
      At line 25 in file IO.s
   Uses
      At line 87 in file IO.s
Comment: GPIO_PORTF_AFSEL_R used once
GPIO_PORTF_AMSEL_R 40025528

Symbol: GPIO_PORTF_AMSEL_R
   Definitions
      At line 30 in file IO.s
   Uses
      None
Comment: GPIO_PORTF_AMSEL_R unused
GPIO_PORTF_CR_R 40025524

Symbol: GPIO_PORTF_CR_R
   Definitions
      At line 29 in file IO.s
   Uses
      At line 71 in file IO.s
Comment: GPIO_PORTF_CR_R used once
GPIO_PORTF_DATA_R 400253FC

Symbol: GPIO_PORTF_DATA_R
   Definitions
      At line 23 in file IO.s
   Uses
      At line 109 in file IO.s
      At line 126 in file IO.s
      At line 134 in file IO.s

GPIO_PORTF_DEN_R 4002551C

Symbol: GPIO_PORTF_DEN_R
   Definitions
      At line 27 in file IO.s
   Uses
      At line 82 in file IO.s
Comment: GPIO_PORTF_DEN_R used once
GPIO_PORTF_DIR_R 40025400



ARM Macro Assembler    Page 2 Alphabetic symbol ordering
Absolute symbols


Symbol: GPIO_PORTF_DIR_R
   Definitions
      At line 24 in file IO.s
   Uses
      At line 76 in file IO.s
Comment: GPIO_PORTF_DIR_R used once
GPIO_PORTF_LOCK_R 40025520

Symbol: GPIO_PORTF_LOCK_R
   Definitions
      At line 28 in file IO.s
   Uses
      At line 67 in file IO.s
Comment: GPIO_PORTF_LOCK_R used once
GPIO_PORTF_PCTL_R 4002552C

Symbol: GPIO_PORTF_PCTL_R
   Definitions
      At line 31 in file IO.s
   Uses
      None
Comment: GPIO_PORTF_PCTL_R unused
GPIO_PORTF_PUR_R 40025510

Symbol: GPIO_PORTF_PUR_R
   Definitions
      At line 26 in file IO.s
   Uses
      At line 92 in file IO.s
Comment: GPIO_PORTF_PUR_R used once
GREEN 00000008

Symbol: GREEN
   Definitions
      At line 41 in file IO.s
   Uses
      None
Comment: GREEN unused
LEDS 40025038

Symbol: LEDS
   Definitions
      At line 38 in file IO.s
   Uses
      None
Comment: LEDS unused
PF0 40025004

Symbol: PF0
   Definitions
      At line 33 in file IO.s
   Uses
      None
Comment: PF0 unused
PF1 40025008

Symbol: PF1
   Definitions



ARM Macro Assembler    Page 3 Alphabetic symbol ordering
Absolute symbols

      At line 34 in file IO.s
   Uses
      None
Comment: PF1 unused
PF2 40025010

Symbol: PF2
   Definitions
      At line 35 in file IO.s
   Uses
      None
Comment: PF2 unused
PF3 40025020

Symbol: PF3
   Definitions
      At line 36 in file IO.s
   Uses
      None
Comment: PF3 unused
PF4 40025040

Symbol: PF4
   Definitions
      At line 37 in file IO.s
   Uses
      None
Comment: PF4 unused
RED 00000002

Symbol: RED
   Definitions
      At line 39 in file IO.s
   Uses
      None
Comment: RED unused
SW1 00000010

Symbol: SW1
   Definitions
      At line 43 in file IO.s
   Uses
      None
Comment: SW1 unused
SW2 00000001

Symbol: SW2
   Definitions
      At line 44 in file IO.s
   Uses
      At line 128 in file IO.s
      At line 136 in file IO.s

SWITCHES 40025044

Symbol: SWITCHES
   Definitions
      At line 42 in file IO.s
   Uses



ARM Macro Assembler    Page 4 Alphabetic symbol ordering
Absolute symbols

      None
Comment: SWITCHES unused
SYSCTL_RCGCGPIO_R 400FE608

Symbol: SYSCTL_RCGCGPIO_R
   Definitions
      At line 45 in file IO.s
   Uses
      At line 60 in file IO.s
Comment: SYSCTL_RCGCGPIO_R used once
23 symbols



ARM Macro Assembler    Page 1 Alphabetic symbol ordering
External symbols

Delay1ms 00000000

Symbol: Delay1ms
   Definitions
      At line 18 in file IO.s
   Uses
      At line 132 in file IO.s
Comment: Delay1ms used once
1 symbol
364 symbols in table
