


ARM Macro Assembler    Page 1 


    1 00000000         ; Print.s
    2 00000000         ; Student names: change this to your names or look very 
                       silly
    3 00000000         ; Last modification date: change this to the last modifi
                       cation date or look very silly
    4 00000000         ; Runs on LM4F120 or TM4C123
    5 00000000         ; EE319K lab 7 device driver for any LCD
    6 00000000         ;
    7 00000000         ; As part of Lab 7, students need to implement these LCD
                       _OutDec and LCD_OutFix
    8 00000000         ; This driver assumes two low-level LCD functions
    9 00000000         ; ST7735_OutChar   outputs a single 8-bit ASCII characte
                       r
   10 00000000         ; ST7735_OutString outputs a null-terminated string 
   11 00000000         
   12 00000000 00000000 
                       num     EQU              0
   13 00000000 00000004 
                       depth   EQU              4
   14 00000000         
   15 00000000                 IMPORT           writedata
   16 00000000                 IMPORT           writecommand
   17 00000000                 IMPORT           ST7735_OutChar
   18 00000000                 IMPORT           ST7735_OutString
   19 00000000                 EXPORT           LCD_OutDec
   20 00000000                 EXPORT           LCD_OutFix
   21 00000000         
   22 00000000         
   23 00000000                 AREA             |.text|, CODE, READONLY, ALIGN=
2
   24 00000000                 PRESERVE8
   25 00000000                 THUMB
   26 00000000         
   27 00000000         
   28 00000000         
   29 00000000         
   30 00000000         ;-----------------------LCD_OutDec----------------------
                       -
   31 00000000         ; Output a 32-bit number in unsigned decimal format
   32 00000000         ; Input: R0 (call by value) 32-bit unsigned number
   33 00000000         ; Output: none
   34 00000000         ; Invariables: This function must not permanently modify
                        registers R4 to R11
   35 00000000         LCD_OutDec
   36 00000000 B501            PUSH             {LR, R0}
   37 00000002         ; ******Allocation Phase******* 
   38 00000002 B081            SUB              SP, #4      ; Allocate num
   39 00000004         
   40 00000004         ; *****Access Phase*******
   41 00000004 280A            CMP              R0, #10
   42 00000006 D30F            BLO              baseOutDec
   43 00000008 F04F 030A       MOV              R3, #0xa
   44 0000000C FBB0 F2F3       UDIV             R2, R0, R3
   45 00000010 FB02 0113       MLS              R1, R2, R3, R0
   46 00000014 4610            MOV              R0, R2
   47 00000016 9100            STR              R1, [SP, #num]
   48 00000018 F7FF FFFE       BL               LCD_OutDec
   49 0000001C 9800            LDR              R0, [SP, #num]
   50 0000001E F100 0030       ADD              R0, #0x30



ARM Macro Assembler    Page 2 


   51 00000022 F7FF FFFE       BL               ST7735_OutChar
   52 00000026 E003            B                returnOutDec
   53 00000028         baseOutDec
   54 00000028 F100 0030       ADD              R0, #0x30
   55 0000002C F7FF FFFE       BL               ST7735_OutChar
   56 00000030         returnOutDec
   57 00000030         
   58 00000030 F44F 7348 
                       delay2  MOV              R3, #800    ; creating timer wi
                                                            th SUBS operation
   59 00000034 F44F 627A 
                       more2   MOV              R2, #4000
   60 00000038 1E52    again2  SUBS             R2, R2, #1
   61 0000003A D1FD            BNE              again2
   62 0000003C 1E5B            SUBS             R3, R3, #1
   63 0000003E D1F9            BNE              more2
   64 00000040         ;****Deallocation Phase***** 
   65 00000040 B001            ADD              SP, #4
   66 00000042         
   67 00000042 E8BD 4001       POP              {LR, R0}
   68 00000046         
   69 00000046 4770            BX               LR
   70 00000048         ;* * * * * * * * End of LCD_OutDec * * * * * * * *
   71 00000048         
   72 00000048         ; -----------------------LCD _OutFix--------------------
                       --
   73 00000048         ; Output characters to LCD display in fixed-point format
                       
   74 00000048         ; unsigned decimal, resolution 0.001, range 0.000 to 9.9
                       99
   75 00000048         ; Inputs:  R0 is an unsigned 32-bit number
   76 00000048         ; Outputs: none
   77 00000048         ; E.g., R0=0,    then output "0.000 "
   78 00000048         ;       R0=3,    then output "0.003 "
   79 00000048         ;       R0=89,   then output "0.089 "
   80 00000048         ;       R0=123,  then output "0.123 "
   81 00000048         ;       R0=9999, then output "9.999 "
   82 00000048         ;       R0>9999, then output "*.*** "
   83 00000048         ; Invariables: This function must not permanently modify
                        registers R4 to R11
   84 00000048         LCD_OutFix
   85 00000048         
   86 00000048 F04F 0100       MOV              R1, #0
   87 0000004C         LCD_OutFix_Wrap
   88 0000004C B513            PUSH             {LR, R4, R1, R0}
   89 0000004E         
   90 0000004E         ; ******Allocation Phase******* 
   91 0000004E B081            SUB              SP, #4      ; Allocate num
   92 00000050         
   93 00000050         ; *****Access Phase*******
   94 00000050 F242 7410       MOV              R4, #10000
   95 00000054 42A0            CMP              R0, R4
   96 00000056 D21B            BHS              null
   97 00000058 2904            CMP              R1, #4
   98 0000005A D02D            BEQ              returnOutFix
   99 0000005C F04F 030A       MOV              R3, #0xa
  100 00000060 FBB0 F2F3       UDIV             R2, R0, R3
  101 00000064 FB02 0413       MLS              R4, R2, R3, R0
  102 00000068 4610            MOV              R0, R2



ARM Macro Assembler    Page 3 


  103 0000006A 9400            STR              R4, [SP, #num]
  104 0000006C 9101            STR              R1, [SP, #depth]
  105 0000006E F101 0101       ADD              R1, #1
  106 00000072 F7FF FFEB       BL               LCD_OutFix_Wrap
  107 00000076 9800            LDR              R0, [SP, #num]
  108 00000078 F100 0030       ADD              R0, #0x30
  109 0000007C F7FF FFFE       BL               ST7735_OutChar
  110 00000080 9901            LDR              R1, [SP, #depth]
  111 00000082 2903            CMP              R1, #3
  112 00000084 D118            BNE              returnOutFix
  113 00000086 F04F 002E       MOV              R0, #0x2E
  114 0000008A F7FF FFFE       BL               ST7735_OutChar
  115 0000008E E013            B                returnOutFix
  116 00000090         null
  117 00000090 F04F 002A       MOV              R0, #0x2A
  118 00000094 F7FF FFFE       BL               ST7735_OutChar
  119 00000098 F04F 002E       MOV              R0, #0x2E
  120 0000009C F7FF FFFE       BL               ST7735_OutChar
  121 000000A0 F04F 002A       MOV              R0, #0x2A
  122 000000A4 F7FF FFFE       BL               ST7735_OutChar
  123 000000A8 F04F 002A       MOV              R0, #0x2A
  124 000000AC F7FF FFFE       BL               ST7735_OutChar
  125 000000B0 F04F 002A       MOV              R0, #0x2A
  126 000000B4 F7FF FFFE       BL               ST7735_OutChar
  127 000000B8         returnOutFix
  128 000000B8 F44F 7348 
                       delay   MOV              R3, #800    ; creating timer wi
                                                            th SUBS operation
  129 000000BC F44F 627A 
                       more    MOV              R2, #4000
  130 000000C0 1E52    again   SUBS             R2, R2, #1
  131 000000C2 D1FD            BNE              again
  132 000000C4 1E5B            SUBS             R3, R3, #1
  133 000000C6 D1F9            BNE              more
  134 000000C8         
  135 000000C8         ;****Deallocation Phase***** 
  136 000000C8 B001            ADD              SP, #4
  137 000000CA E8BD 4013       POP              {LR, R4, R1, R0}
  138 000000CE         
  139 000000CE 4770            BX               LR
  140 000000D0         
  141 000000D0         
  142 000000D0         
  143 000000D0 4770            BX               LR
  144 000000D2         
  145 000000D2 00 00           ALIGN
  146 000000D4         ;* * * * * * * * End of LCD_OutFix * * * * * * * *
  147 000000D4         
  148 000000D4                 ALIGN                        ; make sure the end
                                                             of this section is
                                                             aligned
  149 000000D4                 END                          ; end of file
Command Line: --debug --xref --cpu=Cortex-M4 --apcs=interwork --depend=.\print.
d -o.\print.o -IC:\Keil\ARM\RV31\INC -IC:\Keil\ARM\CMSIS\Include -IC:\Keil\ARM\
Inc\Luminary --predefine="__EVAL SETA 1" --predefine="__MICROLIB SETA 1" --list
=.\print.lst Print.s



ARM Macro Assembler    Page 1 Alphabetic symbol ordering
Relocatable symbols

.text 00000000

Symbol: .text
   Definitions
      At line 23 in file Print.s
   Uses
      None
Comment: .text unused
LCD_OutDec 00000000

Symbol: LCD_OutDec
   Definitions
      At line 35 in file Print.s
   Uses
      At line 19 in file Print.s
      At line 48 in file Print.s

LCD_OutFix 00000048

Symbol: LCD_OutFix
   Definitions
      At line 84 in file Print.s
   Uses
      At line 20 in file Print.s
Comment: LCD_OutFix used once
LCD_OutFix_Wrap 0000004C

Symbol: LCD_OutFix_Wrap
   Definitions
      At line 87 in file Print.s
   Uses
      At line 106 in file Print.s
Comment: LCD_OutFix_Wrap used once
again 000000C0

Symbol: again
   Definitions
      At line 130 in file Print.s
   Uses
      At line 131 in file Print.s
Comment: again used once
again2 00000038

Symbol: again2
   Definitions
      At line 60 in file Print.s
   Uses
      At line 61 in file Print.s
Comment: again2 used once
baseOutDec 00000028

Symbol: baseOutDec
   Definitions
      At line 53 in file Print.s
   Uses
      At line 42 in file Print.s
Comment: baseOutDec used once
delay 000000B8




ARM Macro Assembler    Page 2 Alphabetic symbol ordering
Relocatable symbols

Symbol: delay
   Definitions
      At line 128 in file Print.s
   Uses
      None
Comment: delay unused
delay2 00000030

Symbol: delay2
   Definitions
      At line 58 in file Print.s
   Uses
      None
Comment: delay2 unused
more 000000BC

Symbol: more
   Definitions
      At line 129 in file Print.s
   Uses
      At line 133 in file Print.s
Comment: more used once
more2 00000034

Symbol: more2
   Definitions
      At line 59 in file Print.s
   Uses
      At line 63 in file Print.s
Comment: more2 used once
null 00000090

Symbol: null
   Definitions
      At line 116 in file Print.s
   Uses
      At line 96 in file Print.s
Comment: null used once
returnOutDec 00000030

Symbol: returnOutDec
   Definitions
      At line 56 in file Print.s
   Uses
      At line 52 in file Print.s
Comment: returnOutDec used once
returnOutFix 000000B8

Symbol: returnOutFix
   Definitions
      At line 127 in file Print.s
   Uses
      At line 98 in file Print.s
      At line 112 in file Print.s
      At line 115 in file Print.s

14 symbols



ARM Macro Assembler    Page 1 Alphabetic symbol ordering
Absolute symbols

depth 00000004

Symbol: depth
   Definitions
      At line 13 in file Print.s
   Uses
      At line 104 in file Print.s
      At line 110 in file Print.s

num 00000000

Symbol: num
   Definitions
      At line 12 in file Print.s
   Uses
      At line 47 in file Print.s
      At line 49 in file Print.s
      At line 103 in file Print.s
      At line 107 in file Print.s

2 symbols



ARM Macro Assembler    Page 1 Alphabetic symbol ordering
External symbols

ST7735_OutChar 00000000

Symbol: ST7735_OutChar
   Definitions
      At line 17 in file Print.s
   Uses
      At line 51 in file Print.s
      At line 55 in file Print.s
      At line 109 in file Print.s
      At line 114 in file Print.s
      At line 118 in file Print.s
      At line 120 in file Print.s
      At line 122 in file Print.s
      At line 124 in file Print.s
      At line 126 in file Print.s

ST7735_OutString 00000000

Symbol: ST7735_OutString
   Definitions
      At line 18 in file Print.s
   Uses
      None
Comment: ST7735_OutString unused
writecommand 00000000

Symbol: writecommand
   Definitions
      At line 16 in file Print.s
   Uses
      None
Comment: writecommand unused
writedata 00000000

Symbol: writedata
   Definitions
      At line 15 in file Print.s
   Uses
      None
Comment: writedata unused
4 symbols
352 symbols in table
