


ARM Macro Assembler    Page 1 


    1 00000000         ; Print.s
    2 00000000         ; Student names: change this to your names or look very 
                       silly
    3 00000000         ; Last modification date: change this to the last modifi
                       cation date or look very silly
    4 00000000         ; Runs on LM4F120 or TM4C123
    5 00000000         ; EE319K lab 7 device driver for any LCD
    6 00000000         ;
    7 00000000         ; As part of Lab 7, students need to implement these LCD
                       _OutDec and LCD_OutFix
    8 00000000         ; This driver assumes two low-level LCD functions
    9 00000000         ; ST7735_OutChar   outputs a single 8-bit ASCII characte
                       r
   10 00000000         ; ST7735_OutString outputs a null-terminated string 
   11 00000000         
   12 00000000 00000000 
                       num     EQU              0
   13 00000000 00000004 
                       depth   EQU              4
   14 00000000         
   15 00000000                 IMPORT           ST7735_OutChar
   16 00000000                 IMPORT           ST7735_OutString
   17 00000000                 EXPORT           LCD_OutDec
   18 00000000                 EXPORT           LCD_OutFix
   19 00000000         
   20 00000000                 AREA             |.text|, CODE, READONLY, ALIGN=
2
   21 00000000                 PRESERVE8
   22 00000000                 THUMB
   23 00000000         
   24 00000000         
   25 00000000         
   26 00000000         ;-----------------------LCD_OutDec----------------------
                       -
   27 00000000         ; Output a 32-bit number in unsigned decimal format
   28 00000000         ; Input: R0 (call by value) 32-bit unsigned number
   29 00000000         ; Output: none
   30 00000000         ; Invariables: This function must not permanently modify
                        registers R4 to R11
   31 00000000         LCD_OutDec
   32 00000000 B501            PUSH             {LR, R0}
   33 00000002         ; ******Allocation Phase******* 
   34 00000002 B081            SUB              SP, #4      ; Allocate num
   35 00000004         
   36 00000004         ; *****Access Phase*******
   37 00000004 280A            CMP              R0, #10
   38 00000006 D30F            BLO              baseOutDec
   39 00000008 F04F 030A       MOV              R3, #0xa
   40 0000000C FBB0 F2F3       UDIV             R2, R0, R3
   41 00000010 FB02 0113       MLS              R1, R2, R3, R0
   42 00000014 4610            MOV              R0, R2
   43 00000016 9100            STR              R1, [SP, #num]
   44 00000018 F7FF FFFE       BL               LCD_OutDec
   45 0000001C 9800            LDR              R0, [SP, #num]
   46 0000001E F100 0030       ADD              R0, #0x30
   47 00000022 F7FF FFFE       BL               ST7735_OutChar
   48 00000026 E003            B                returnOutDec
   49 00000028         baseOutDec
   50 00000028 F100 0030       ADD              R0, #0x30



ARM Macro Assembler    Page 2 


   51 0000002C F7FF FFFE       BL               ST7735_OutChar
   52 00000030         returnOutDec
   53 00000030         
   54 00000030         
   55 00000030         ;****Deallocation Phase***** 
   56 00000030 B001            ADD              SP, #4
   57 00000032         
   58 00000032 E8BD 4001       POP              {LR, R0}
   59 00000036         
   60 00000036 4770            BX               LR
   61 00000038         ;* * * * * * * * End of LCD_OutDec * * * * * * * *
   62 00000038         
   63 00000038         ; -----------------------LCD _OutFix--------------------
                       --
   64 00000038         ; Output characters to LCD display in fixed-point format
                       
   65 00000038         ; unsigned decimal, resolution 0.001, range 0.000 to 9.9
                       99
   66 00000038         ; Inputs:  R0 is an unsigned 32-bit number
   67 00000038         ; Outputs: none
   68 00000038         ; E.g., R0=0,    then output "0.000 "
   69 00000038         ;       R0=3,    then output "0.003 "
   70 00000038         ;       R0=89,   then output "0.089 "
   71 00000038         ;       R0=123,  then output "0.123 "
   72 00000038         ;       R0=9999, then output "9.999 "
   73 00000038         ;       R0>9999, then output "*.*** "
   74 00000038         ; Invariables: This function must not permanently modify
                        registers R4 to R11
   75 00000038         LCD_OutFix
   76 00000038 F04F 0100       MOV              R1, #0
   77 0000003C         LCD_OutFix_redo
   78 0000003C B513            PUSH             {LR, R4, R1, R0}
   79 0000003E         
   80 0000003E         ; ******Allocation Phase******* 
   81 0000003E B081            SUB              SP, #4      ; Allocate num
   82 00000040         
   83 00000040         ; *****Access Phase*******
   84 00000040 F242 7410       MOV              R4, #10000
   85 00000044 42A0            CMP              R0, R4
   86 00000046 D21B            BHS              astericks
   87 00000048 2904            CMP              R1, #4
   88 0000004A D02D            BEQ              returnOutFix
   89 0000004C F04F 030A       MOV              R3, #0xa
   90 00000050 FBB0 F2F3       UDIV             R2, R0, R3
   91 00000054 FB02 0413       MLS              R4, R2, R3, R0
   92 00000058 4610            MOV              R0, R2
   93 0000005A 9400            STR              R4, [SP, #num]
   94 0000005C 9101            STR              R1, [SP, #depth]
   95 0000005E F101 0101       ADD              R1, #1
   96 00000062 F7FF FFEB       BL               LCD_OutFix_redo
   97 00000066 9800            LDR              R0, [SP, #num]
   98 00000068 F100 0030       ADD              R0, #0x30
   99 0000006C F7FF FFFE       BL               ST7735_OutChar
  100 00000070 9901            LDR              R1, [SP, #depth]
  101 00000072 2903            CMP              R1, #3
  102 00000074 D118            BNE              returnOutFix
  103 00000076 F04F 002E       MOV              R0, #0x2E
  104 0000007A F7FF FFFE       BL               ST7735_OutChar
  105 0000007E E013            B                returnOutFix



ARM Macro Assembler    Page 3 


  106 00000080         astericks
  107 00000080 F04F 002A       MOV              R0, #0x2A
  108 00000084 F7FF FFFE       BL               ST7735_OutChar
  109 00000088 F04F 002E       MOV              R0, #0x2E
  110 0000008C F7FF FFFE       BL               ST7735_OutChar
  111 00000090 F04F 002A       MOV              R0, #0x2A
  112 00000094 F7FF FFFE       BL               ST7735_OutChar
  113 00000098 F04F 002A       MOV              R0, #0x2A
  114 0000009C F7FF FFFE       BL               ST7735_OutChar
  115 000000A0 F04F 002A       MOV              R0, #0x2A
  116 000000A4 F7FF FFFE       BL               ST7735_OutChar
  117 000000A8         returnOutFix
  118 000000A8         
  119 000000A8         
  120 000000A8         ;****Deallocation Phase***** 
  121 000000A8 B001            ADD              SP, #4
  122 000000AA         
  123 000000AA         
  124 000000AA E8BD 4013       POP              {LR, R4, R1, R0}
  125 000000AE         
  126 000000AE         
  127 000000AE 4770            BX               LR
  128 000000B0         
  129 000000B0                 ALIGN
  130 000000B0         ;* * * * * * * * End of LCD_OutFix * * * * * * * *
  131 000000B0         
  132 000000B0                 ALIGN                        ; make sure the end
                                                             of this section is
                                                             aligned
  133 000000B0                 END                          ; end of file
Command Line: --debug --xref --cpu=Cortex-M4 --apcs=interwork --depend=.\print.
d -o.\print.o -IC:\Users\Ankith\Downloads\ARM\RV31\INC -IC:\Users\Ankith\Downlo
ads\ARM\CMSIS\Include -IC:\Users\Ankith\Downloads\ARM\Inc\Luminary --predefine=
"__EVAL SETA 1" --list=.\print.lst Print.s



ARM Macro Assembler    Page 1 Alphabetic symbol ordering
Relocatable symbols

.text 00000000

Symbol: .text
   Definitions
      At line 20 in file Print.s
   Uses
      None
Comment: .text unused
LCD_OutDec 00000000

Symbol: LCD_OutDec
   Definitions
      At line 31 in file Print.s
   Uses
      At line 17 in file Print.s
      At line 44 in file Print.s

LCD_OutFix 00000038

Symbol: LCD_OutFix
   Definitions
      At line 75 in file Print.s
   Uses
      At line 18 in file Print.s
Comment: LCD_OutFix used once
LCD_OutFix_redo 0000003C

Symbol: LCD_OutFix_redo
   Definitions
      At line 77 in file Print.s
   Uses
      At line 96 in file Print.s
Comment: LCD_OutFix_redo used once
astericks 00000080

Symbol: astericks
   Definitions
      At line 106 in file Print.s
   Uses
      At line 86 in file Print.s
Comment: astericks used once
baseOutDec 00000028

Symbol: baseOutDec
   Definitions
      At line 49 in file Print.s
   Uses
      At line 38 in file Print.s
Comment: baseOutDec used once
returnOutDec 00000030

Symbol: returnOutDec
   Definitions
      At line 52 in file Print.s
   Uses
      At line 48 in file Print.s
Comment: returnOutDec used once
returnOutFix 000000A8




ARM Macro Assembler    Page 2 Alphabetic symbol ordering
Relocatable symbols

Symbol: returnOutFix
   Definitions
      At line 117 in file Print.s
   Uses
      At line 88 in file Print.s
      At line 102 in file Print.s
      At line 105 in file Print.s

8 symbols



ARM Macro Assembler    Page 1 Alphabetic symbol ordering
Absolute symbols

depth 00000004

Symbol: depth
   Definitions
      At line 13 in file Print.s
   Uses
      At line 94 in file Print.s
      At line 100 in file Print.s

num 00000000

Symbol: num
   Definitions
      At line 12 in file Print.s
   Uses
      At line 43 in file Print.s
      At line 45 in file Print.s
      At line 93 in file Print.s
      At line 97 in file Print.s

2 symbols



ARM Macro Assembler    Page 1 Alphabetic symbol ordering
External symbols

ST7735_OutChar 00000000

Symbol: ST7735_OutChar
   Definitions
      At line 15 in file Print.s
   Uses
      At line 47 in file Print.s
      At line 51 in file Print.s
      At line 99 in file Print.s
      At line 104 in file Print.s
      At line 108 in file Print.s
      At line 110 in file Print.s
      At line 112 in file Print.s
      At line 114 in file Print.s
      At line 116 in file Print.s

ST7735_OutString 00000000

Symbol: ST7735_OutString
   Definitions
      At line 16 in file Print.s
   Uses
      None
Comment: ST7735_OutString unused
2 symbols
343 symbols in table
